99.04.09 14:42 B C:\A_win ftp\Examples\java2d\examples\AnimationComponent.class --> amber.ora.com /internet/ftp/pub/examples/java/java2d/examples AnimationComponent.class
99.04.09 14:42 B C:\A_win ftp\Examples\java2d\examples\AnimationComponent.java --> amber.ora.com /internet/ftp/pub/examples/java/java2d/examples AnimationComponent.java
99.04.09 14:42 B C:\A_win ftp\Examples\java2d\examples\AnimationFrame.class --> amber.ora.com /internet/ftp/pub/examples/java/java2d/examples AnimationFrame.class
99.04.09 14:42 B C:\A_win ftp\Examples\java2d\examples\AnimationFrame.java --> amber.ora.com /internet/ftp/pub/examples/java/java2d/examples AnimationFrame.java
99.04.09 14:42 B C:\A_win ftp\Examples\java2d\examples\Annoyance.class --> amber.ora.com /internet/ftp/pub/examples/java/java2d/examples Annoyance.class
99.04.09 14:42 B C:\A_win ftp\Examples\java2d\examples\Annoyance.java --> amber.ora.com /internet/ftp/pub/examples/java/java2d/examples Annoyance.java
99.04.09 14:42 B C:\A_win ftp\Examples\java2d\examples\ApplicationFrame$1.class --> amber.ora.com /internet/ftp/pub/examples/java/java2d/examples ApplicationFrame$1.class
99.04.09 14:42 B C:\A_win ftp\Examples\java2d\examples\ApplicationFrame.class --> amber.ora.com /internet/ftp/pub/examples/java/java2d/examples ApplicationFrame.class
99.04.09 14:42 B C:\A_win ftp\Examples\java2d\examples\ApplicationFrame.java --> amber.ora.com /internet/ftp/pub/examples/java/java2d/examples ApplicationFrame.java
99.04.09 14:42 B C:\A_win ftp\Examples\java2d\examples\Bandito.class --> amber.ora.com /internet/ftp/pub/examples/java/java2d/examples Bandito.class
99.04.09 14:42 B C:\A_win ftp\Examples\java2d\examples\Bandito.java --> amber.ora.com /internet/ftp/pub/examples/java/java2d/examples Bandito.java
99.04.09 14:42 B C:\A_win ftp\Examples\java2d\examples\basn3p01.png --> amber.ora.com /internet/ftp/pub/examples/java/java2d/examples basn3p01.png
99.04.09 14:42 B C:\A_win ftp\Examples\java2d\examples\basn3p02.png --> amber.ora.com /internet/ftp/pub/examples/java/java2d/examples basn3p02.png
99.04.09 14:42 B C:\A_win ftp\Examples\java2d\examples\basn3p04.png --> amber.ora.com /internet/ftp/pub/examples/java/java2d/examples basn3p04.png
99.04.09 14:42 B C:\A_win ftp\Examples\java2d\examples\basn3p08.png --> amber.ora.com /internet/ftp/pub/examples/java/java2d/examples basn3p08.png
99.04.09 14:42 B C:\A_win ftp\Examples\java2d\examples\BidirectionalText$1.class --> amber.ora.com /internet/ftp/pub/examples/java/java2d/examples BidirectionalText$1.class
99.04.09 14:42 B C:\A_win ftp\Examples\java2d\examples\BidirectionalText.class --> amber.ora.com /internet/ftp/pub/examples/java/java2d/examples BidirectionalText.class
99.04.09 14:42 B C:\A_win ftp\Examples\java2d\examples\BidirectionalText.java --> amber.ora.com /internet/ftp/pub/examples/java/java2d/examples BidirectionalText.java
99.04.09 14:42 B C:\A_win ftp\Examples\java2d\examples\BookComponentPrintable.class --> amber.ora.com /internet/ftp/pub/examples/java/java2d/examples BookComponentPrintable.class
99.04.09 14:42 B C:\A_win ftp\Examples\java2d\examples\Booker.class --> amber.ora.com /internet/ftp/pub/examples/java/java2d/examples Booker.class
99.04.09 14:42 B C:\A_win ftp\Examples\java2d\examples\Booker.java --> amber.ora.com /internet/ftp/pub/examples/java/java2d/examples Booker.java
99.04.09 14:42 B C:\A_win ftp\Examples\java2d\examples\Bouncer$1.class --> amber.ora.com /internet/ftp/pub/examples/java/java2d/examples Bouncer$1.class
99.04.09 14:42 B C:\A_win ftp\Examples\java2d\examples\Bouncer$2.class --> amber.ora.com /internet/ftp/pub/examples/java/java2d/examples Bouncer$2.class
99.04.09 14:42 B C:\A_win ftp\Examples\java2d\examples\Bouncer.class --> amber.ora.com /internet/ftp/pub/examples/java/java2d/examples Bouncer.class
99.04.09 14:42 B C:\A_win ftp\Examples\java2d\examples\Bouncer.java --> amber.ora.com /internet/ftp/pub/examples/java/java2d/examples Bouncer.java
99.04.09 14:42 B C:\A_win ftp\Examples\java2d\examples\ClipImage$1.class --> amber.ora.com /internet/ftp/pub/examples/java/java2d/examples ClipImage$1.class
99.04.09 14:42 B C:\A_win ftp\Examples\java2d\examples\ClipImage.class --> amber.ora.com /internet/ftp/pub/examples/java/java2d/examples ClipImage.class
99.04.09 14:42 B C:\A_win ftp\Examples\java2d\examples\ClipImage.java --> amber.ora.com /internet/ftp/pub/examples/java/java2d/examples ClipImage.java
99.04.09 14:42 B C:\A_win ftp\Examples\java2d\examples\ColorBlocks$1.class --> amber.ora.com /internet/ftp/pub/examples/java/java2d/examples ColorBlocks$1.class
99.04.09 14:42 B C:\A_win ftp\Examples\java2d\examples\ColorBlocks.class --> amber.ora.com /internet/ftp/pub/examples/java/java2d/examples ColorBlocks.class
99.04.09 14:42 B C:\A_win ftp\Examples\java2d\examples\ColorBlocks.java --> amber.ora.com /internet/ftp/pub/examples/java/java2d/examples ColorBlocks.java
99.04.09 14:42 B C:\A_win ftp\Examples\java2d\examples\CombiningShapes$1.class --> amber.ora.com /internet/ftp/pub/examples/java/java2d/examples CombiningShapes$1.class
99.04.09 14:42 B C:\A_win ftp\Examples\java2d\examples\CombiningShapes.class --> amber.ora.com /internet/ftp/pub/examples/java/java2d/examples CombiningShapes.class
99.04.09 14:42 B C:\A_win ftp\Examples\java2d\examples\CombiningShapes.java --> amber.ora.com /internet/ftp/pub/examples/java/java2d/examples CombiningShapes.java
99.04.09 14:42 B C:\A_win ftp\Examples\java2d\examples\ComponentPrintable.class --> amber.ora.com /internet/ftp/pub/examples/java/java2d/examples ComponentPrintable.class
99.04.09 14:42 B C:\A_win ftp\Examples\java2d\examples\ComponentPrintable.java --> amber.ora.com /internet/ftp/pub/examples/java/java2d/examples ComponentPrintable.java
99.04.09 14:42 B C:\A_win ftp\Examples\java2d\examples\ComponentTest.class --> amber.ora.com /internet/ftp/pub/examples/java/java2d/examples ComponentTest.class
99.04.09 14:42 B C:\A_win ftp\Examples\java2d\examples\ComponentTest.java --> amber.ora.com /internet/ftp/pub/examples/java/java2d/examples ComponentTest.java
99.04.09 14:42 B C:\A_win ftp\Examples\java2d\examples\DescribePath.class --> amber.ora.com /internet/ftp/pub/examples/java/java2d/examples DescribePath.class
99.04.09 14:42 B C:\A_win ftp\Examples\java2d\examples\DescribePath.java --> amber.ora.com /internet/ftp/pub/examples/java/java2d/examples DescribePath.java
99.04.09 14:42 B C:\A_win ftp\Examples\java2d\examples\DragKing.class --> amber.ora.com /internet/ftp/pub/examples/java/java2d/examples DragKing.class
99.04.09 14:42 B C:\A_win ftp\Examples\java2d\examples\DragKing.java --> amber.ora.com /internet/ftp/pub/examples/java/java2d/examples DragKing.java
99.04.09 14:42 B C:\A_win ftp\Examples\java2d\examples\Ethol with Roses.small.jpg --> amber.ora.com /internet/ftp/pub/examples/java/java2d/examples Ethol with Roses.small.jpg
99.04.09 14:42 B C:\A_win ftp\Examples\java2d\examples\FilePageRenderer.class --> amber.ora.com /internet/ftp/pub/examples/java/java2d/examples FilePageRenderer.class
99.04.09 14:42 B C:\A_win ftp\Examples\java2d\examples\FilePageRenderer.java --> amber.ora.com /internet/ftp/pub/examples/java/java2d/examples FilePageRenderer.java
99.04.09 14:42 B C:\A_win ftp\Examples\java2d\examples\FilePrinter$1.class --> amber.ora.com /internet/ftp/pub/examples/java/java2d/examples FilePrinter$1.class
99.04.09 14:42 B C:\A_win ftp\Examples\java2d\examples\FilePrinter$FileOpenAction.class --> amber.ora.com /internet/ftp/pub/examples/java/java2d/examples FilePrinter$FileOpenAction.class
99.04.09 14:42 B C:\A_win ftp\Examples\java2d\examples\FilePrinter$FilePageSetupAction.class --> amber.ora.com /internet/ftp/pub/examples/java/java2d/examples FilePrinter$FilePageSetupAction.class
99.04.09 14:42 B C:\A_win ftp\Examples\java2d\examples\FilePrinter$FilePrintAction.class --> amber.ora.com /internet/ftp/pub/examples/java/java2d/examples FilePrinter$FilePrintAction.class
99.04.09 14:42 B C:\A_win ftp\Examples\java2d\examples\FilePrinter$FileQuitAction.class --> amber.ora.com /internet/ftp/pub/examples/java/java2d/examples FilePrinter$FileQuitAction.class
99.04.09 14:42 B C:\A_win ftp\Examples\java2d\examples\FilePrinter$PageNextPageAction.class --> amber.ora.com /internet/ftp/pub/examples/java/java2d/examples FilePrinter$PageNextPageAction.class
99.04.09 14:42 B C:\A_win ftp\Examples\java2d\examples\FilePrinter$PagePreviousPageAction.class --> amber.ora.com /internet/ftp/pub/examples/java/java2d/examples FilePrinter$PagePreviousPageAction.class
99.04.09 14:42 B C:\A_win ftp\Examples\java2d\examples\FilePrinter.class --> amber.ora.com /internet/ftp/pub/examples/java/java2d/examples FilePrinter.class
99.04.09 14:42 B C:\A_win ftp\Examples\java2d\examples\FilePrinter.java --> amber.ora.com /internet/ftp/pub/examples/java/java2d/examples FilePrinter.java
99.04.09 14:42 B C:\A_win ftp\Examples\java2d\examples\FontDerivation$1.class --> amber.ora.com /internet/ftp/pub/examples/java/java2d/examples FontDerivation$1.class
99.04.09 14:42 B C:\A_win ftp\Examples\java2d\examples\FontDerivation.class --> amber.ora.com /internet/ftp/pub/examples/java/java2d/examples FontDerivation.class
99.04.09 14:42 B C:\A_win ftp\Examples\java2d\examples\FontDerivation.java --> amber.ora.com /internet/ftp/pub/examples/java/java2d/examples FontDerivation.java
99.04.09 14:42 B C:\A_win ftp\Examples\java2d\examples\GradientPaintFill.class --> amber.ora.com /internet/ftp/pub/examples/java/java2d/examples GradientPaintFill.class
99.04.09 14:42 B C:\A_win ftp\Examples\java2d\examples\GradientPaintFill.java --> amber.ora.com /internet/ftp/pub/examples/java/java2d/examples GradientPaintFill.java
99.04.09 14:42 B C:\A_win ftp\Examples\java2d\examples\HelloNurse.class --> amber.ora.com /internet/ftp/pub/examples/java/java2d/examples HelloNurse.class
99.04.09 14:42 B C:\A_win ftp\Examples\java2d\examples\HelloNurse.java --> amber.ora.com /internet/ftp/pub/examples/java/java2d/examples HelloNurse.java
99.04.09 14:42 B C:\A_win ftp\Examples\java2d\examples\HelloNursePrintable.class --> amber.ora.com /internet/ftp/pub/examples/java/java2d/examples HelloNursePrintable.class
99.04.09 14:42 B C:\A_win ftp\Examples\java2d\examples\Highlights$1.class --> amber.ora.com /internet/ftp/pub/examples/java/java2d/examples Highlights$1.class
99.04.09 14:42 B C:\A_win ftp\Examples\java2d\examples\Highlights$2.class --> amber.ora.com /internet/ftp/pub/examples/java/java2d/examples Highlights$2.class
99.04.09 14:42 B C:\A_win ftp\Examples\java2d\examples\Highlights.class --> amber.ora.com /internet/ftp/pub/examples/java/java2d/examples Highlights.class
99.04.09 14:42 B C:\A_win ftp\Examples\java2d\examples\Highlights.java --> amber.ora.com /internet/ftp/pub/examples/java/java2d/examples Highlights.java
99.04.09 14:42 B C:\A_win ftp\Examples\java2d\examples\HitMe$1.class --> amber.ora.com /internet/ftp/pub/examples/java/java2d/examples HitMe$1.class
99.04.09 14:42 B C:\A_win ftp\Examples\java2d\examples\HitMe.class --> amber.ora.com /internet/ftp/pub/examples/java/java2d/examples HitMe.class
99.04.09 14:42 B C:\A_win ftp\Examples\java2d\examples\HitMe.java --> amber.ora.com /internet/ftp/pub/examples/java/java2d/examples HitMe.java
99.04.09 14:42 B C:\A_win ftp\Examples\java2d\examples\HorizontallyCenteredText$1.class --> amber.ora.com /internet/ftp/pub/examples/java/java2d/examples HorizontallyCenteredText$1.class
99.04.09 14:45 B C:\A_win ftp\Examples\java2d\examples\AnimationComponent.class --> amber.ora.com /internet/ftp/pub/examples/java/java2d/examples AnimationComponent.class
99.04.09 14:45 B C:\A_win ftp\Examples\java2d\examples\AnimationComponent.java --> amber.ora.com /internet/ftp/pub/examples/java/java2d/examples AnimationComponent.java
99.04.09 14:45 B C:\A_win ftp\Examples\java2d\examples\AnimationFrame.class --> amber.ora.com /internet/ftp/pub/examples/java/java2d/examples AnimationFrame.class
99.04.09 14:45 B C:\A_win ftp\Examples\java2d\examples\AnimationFrame.java --> amber.ora.com /internet/ftp/pub/examples/java/java2d/examples AnimationFrame.java
99.04.09 14:45 B C:\A_win ftp\Examples\java2d\examples\Annoyance.class --> amber.ora.com /internet/ftp/pub/examples/java/java2d/examples Annoyance.class
99.04.09 14:45 B C:\A_win ftp\Examples\java2d\examples\Annoyance.java --> amber.ora.com /internet/ftp/pub/examples/java/java2d/examples Annoyance.java
99.04.09 14:45 B C:\A_win ftp\Examples\java2d\examples\ApplicationFrame$1.class --> amber.ora.com /internet/ftp/pub/examples/java/java2d/examples ApplicationFrame$1.class
99.04.09 14:45 B C:\A_win ftp\Examples\java2d\examples\ApplicationFrame.class --> amber.ora.com /internet/ftp/pub/examples/java/java2d/examples ApplicationFrame.class
99.04.09 14:45 B C:\A_win ftp\Examples\java2d\examples\ApplicationFrame.java --> amber.ora.com /internet/ftp/pub/examples/java/java2d/examples ApplicationFrame.java
99.04.09 14:45 B C:\A_win ftp\Examples\java2d\examples\Bandito.class --> amber.ora.com /internet/ftp/pub/examples/java/java2d/examples Bandito.class
99.04.09 14:45 B C:\A_win ftp\Examples\java2d\examples\Bandito.java --> amber.ora.com /internet/ftp/pub/examples/java/java2d/examples Bandito.java
99.04.09 14:45 B C:\A_win ftp\Examples\java2d\examples\basn3p01.png --> amber.ora.com /internet/ftp/pub/examples/java/java2d/examples basn3p01.png
99.04.09 14:45 B C:\A_win ftp\Examples\java2d\examples\basn3p02.png --> amber.ora.com /internet/ftp/pub/examples/java/java2d/examples basn3p02.png
99.04.09 14:45 B C:\A_win ftp\Examples\java2d\examples\basn3p04.png --> amber.ora.com /internet/ftp/pub/examples/java/java2d/examples basn3p04.png
99.04.09 14:45 B C:\A_win ftp\Examples\java2d\examples\basn3p08.png --> amber.ora.com /internet/ftp/pub/examples/java/java2d/examples basn3p08.png
99.04.09 14:45 B C:\A_win ftp\Examples\java2d\examples\BidirectionalText$1.class --> amber.ora.com /internet/ftp/pub/examples/java/java2d/examples BidirectionalText$1.class
99.04.09 14:45 B C:\A_win ftp\Examples\java2d\examples\BidirectionalText.class --> amber.ora.com /internet/ftp/pub/examples/java/java2d/examples BidirectionalText.class
99.04.09 14:45 B C:\A_win ftp\Examples\java2d\examples\BidirectionalText.java --> amber.ora.com /internet/ftp/pub/examples/java/java2d/examples BidirectionalText.java
99.04.09 14:45 B C:\A_win ftp\Examples\java2d\examples\BookComponentPrintable.class --> amber.ora.com /internet/ftp/pub/examples/java/java2d/examples BookComponentPrintable.class
99.04.09 14:45 B C:\A_win ftp\Examples\java2d\examples\Booker.class --> amber.ora.com /internet/ftp/pub/examples/java/java2d/examples Booker.class
99.04.09 14:45 B C:\A_win ftp\Examples\java2d\examples\Booker.java --> amber.ora.com /internet/ftp/pub/examples/java/java2d/examples Booker.java
99.04.09 14:45 B C:\A_win ftp\Examples\java2d\examples\Bouncer$1.class --> amber.ora.com /internet/ftp/pub/examples/java/java2d/examples Bouncer$1.class
99.04.09 14:45 B C:\A_win ftp\Examples\java2d\examples\Bouncer$2.class --> amber.ora.com /internet/ftp/pub/examples/java/java2d/examples Bouncer$2.class
99.04.09 14:45 B C:\A_win ftp\Examples\java2d\examples\Bouncer.class --> amber.ora.com /internet/ftp/pub/examples/java/java2d/examples Bouncer.class
99.04.09 14:45 B C:\A_win ftp\Examples\java2d\examples\Bouncer.java --> amber.ora.com /internet/ftp/pub/examples/java/java2d/examples Bouncer.java
99.04.09 14:45 B C:\A_win ftp\Examples\java2d\examples\ClipImage$1.class --> amber.ora.com /internet/ftp/pub/examples/java/java2d/examples ClipImage$1.class
99.04.09 14:45 B C:\A_win ftp\Examples\java2d\examples\ClipImage.class --> amber.ora.com /internet/ftp/pub/examples/java/java2d/examples ClipImage.class
99.04.09 14:45 B C:\A_win ftp\Examples\java2d\examples\ClipImage.java --> amber.ora.com /internet/ftp/pub/examples/java/java2d/examples ClipImage.java
99.04.09 14:45 B C:\A_win ftp\Examples\java2d\examples\ColorBlocks$1.class --> amber.ora.com /internet/ftp/pub/examples/java/java2d/examples ColorBlocks$1.class
99.04.09 14:45 B C:\A_win ftp\Examples\java2d\examples\ColorBlocks.class --> amber.ora.com /internet/ftp/pub/examples/java/java2d/examples ColorBlocks.class
99.04.09 14:45 B C:\A_win ftp\Examples\java2d\examples\ColorBlocks.java --> amber.ora.com /internet/ftp/pub/examples/java/java2d/examples ColorBlocks.java
99.04.09 14:45 B C:\A_win ftp\Examples\java2d\examples\CombiningShapes$1.class --> amber.ora.com /internet/ftp/pub/examples/java/java2d/examples CombiningShapes$1.class
99.04.09 14:45 B C:\A_win ftp\Examples\java2d\examples\CombiningShapes.class --> amber.ora.com /internet/ftp/pub/examples/java/java2d/examples CombiningShapes.class
99.04.09 14:45 B C:\A_win ftp\Examples\java2d\examples\CombiningShapes.java --> amber.ora.com /internet/ftp/pub/examples/java/java2d/examples CombiningShapes.java
99.04.09 14:45 B C:\A_win ftp\Examples\java2d\examples\ComponentPrintable.class --> amber.ora.com /internet/ftp/pub/examples/java/java2d/examples ComponentPrintable.class
99.04.09 14:45 B C:\A_win ftp\Examples\java2d\examples\ComponentPrintable.java --> amber.ora.com /internet/ftp/pub/examples/java/java2d/examples ComponentPrintable.java
99.04.09 14:45 B C:\A_win ftp\Examples\java2d\examples\ComponentTest.class --> amber.ora.com /internet/ftp/pub/examples/java/java2d/examples ComponentTest.class
99.04.09 14:45 B C:\A_win ftp\Examples\java2d\examples\ComponentTest.java --> amber.ora.com /internet/ftp/pub/examples/java/java2d/examples ComponentTest.java
99.04.09 14:45 B C:\A_win ftp\Examples\java2d\examples\DescribePath.class --> amber.ora.com /internet/ftp/pub/examples/java/java2d/examples DescribePath.class
99.04.09 14:45 B C:\A_win ftp\Examples\java2d\examples\DescribePath.java --> amber.ora.com /internet/ftp/pub/examples/java/java2d/examples DescribePath.java
99.04.09 14:45 B C:\A_win ftp\Examples\java2d\examples\DragKing.class --> amber.ora.com /internet/ftp/pub/examples/java/java2d/examples DragKing.class
99.04.09 14:45 B C:\A_win ftp\Examples\java2d\examples\DragKing.java --> amber.ora.com /internet/ftp/pub/examples/java/java2d/examples DragKing.java
99.04.09 14:45 B C:\A_win ftp\Examples\java2d\examples\Ethol with Roses.small.jpg --> amber.ora.com /internet/ftp/pub/examples/java/java2d/examples Ethol with Roses.small.jpg
99.04.09 14:45 B C:\A_win ftp\Examples\java2d\examples\FilePageRenderer.class --> amber.ora.com /internet/ftp/pub/examples/java/java2d/examples FilePageRenderer.class
99.04.09 14:45 B C:\A_win ftp\Examples\java2d\examples\FilePageRenderer.java --> amber.ora.com /internet/ftp/pub/examples/java/java2d/examples FilePageRenderer.java
99.04.09 14:45 B C:\A_win ftp\Examples\java2d\examples\FilePrinter$1.class --> amber.ora.com /internet/ftp/pub/examples/java/java2d/examples FilePrinter$1.class
99.04.09 14:45 B C:\A_win ftp\Examples\java2d\examples\FilePrinter$FileOpenAction.class --> amber.ora.com /internet/ftp/pub/examples/java/java2d/examples FilePrinter$FileOpenAction.class
99.04.09 14:45 B C:\A_win ftp\Examples\java2d\examples\FilePrinter$FilePageSetupAction.class --> amber.ora.com /internet/ftp/pub/examples/java/java2d/examples FilePrinter$FilePageSetupAction.class
99.04.09 14:45 B C:\A_win ftp\Examples\java2d\examples\FilePrinter$FilePrintAction.class --> amber.ora.com /internet/ftp/pub/examples/java/java2d/examples FilePrinter$FilePrintAction.class
99.04.09 14:45 B C:\A_win ftp\Examples\java2d\examples\FilePrinter$FileQuitAction.class --> amber.ora.com /internet/ftp/pub/examples/java/java2d/examples FilePrinter$FileQuitAction.class
99.04.09 14:45 B C:\A_win ftp\Examples\java2d\examples\FilePrinter$PageNextPageAction.class --> amber.ora.com /internet/ftp/pub/examples/java/java2d/examples FilePrinter$PageNextPageAction.class
99.04.09 14:45 B C:\A_win ftp\Examples\java2d\examples\FilePrinter$PagePreviousPageAction.class --> amber.ora.com /internet/ftp/pub/examples/java/java2d/examples FilePrinter$PagePreviousPageAction.class
99.04.09 14:45 B C:\A_win ftp\Examples\java2d\examples\FilePrinter.class --> amber.ora.com /internet/ftp/pub/examples/java/java2d/examples FilePrinter.class
99.04.09 14:45 B C:\A_win ftp\Examples\java2d\examples\FilePrinter.java --> amber.ora.com /internet/ftp/pub/examples/java/java2d/examples FilePrinter.java
99.04.09 14:45 B C:\A_win ftp\Examples\java2d\examples\FontDerivation$1.class --> amber.ora.com /internet/ftp/pub/examples/java/java2d/examples FontDerivation$1.class
99.04.09 14:45 B C:\A_win ftp\Examples\java2d\examples\FontDerivation.class --> amber.ora.com /internet/ftp/pub/examples/java/java2d/examples FontDerivation.class
99.04.09 14:45 B C:\A_win ftp\Examples\java2d\examples\FontDerivation.java --> amber.ora.com /internet/ftp/pub/examples/java/java2d/examples FontDerivation.java
99.04.09 14:45 B C:\A_win ftp\Examples\java2d\examples\GradientPaintFill.class --> amber.ora.com /internet/ftp/pub/examples/java/java2d/examples GradientPaintFill.class
99.04.09 14:45 B C:\A_win ftp\Examples\java2d\examples\GradientPaintFill.java --> amber.ora.com /internet/ftp/pub/examples/java/java2d/examples GradientPaintFill.java
99.04.09 14:45 B C:\A_win ftp\Examples\java2d\examples\HelloNurse.class --> amber.ora.com /internet/ftp/pub/examples/java/java2d/examples HelloNurse.class
99.04.09 14:45 B C:\A_win ftp\Examples\java2d\examples\HelloNurse.java --> amber.ora.com /internet/ftp/pub/examples/java/java2d/examples HelloNurse.java
99.04.09 14:45 B C:\A_win ftp\Examples\java2d\examples\HelloNursePrintable.class --> amber.ora.com /internet/ftp/pub/examples/java/java2d/examples HelloNursePrintable.class
99.04.09 14:45 B C:\A_win ftp\Examples\java2d\examples\Highlights$1.class --> amber.ora.com /internet/ftp/pub/examples/java/java2d/examples Highlights$1.class
99.04.09 14:45 B C:\A_win ftp\Examples\java2d\examples\Highlights$2.class --> amber.ora.com /internet/ftp/pub/examples/java/java2d/examples Highlights$2.class
99.04.09 14:45 B C:\A_win ftp\Examples\java2d\examples\Highlights.class --> amber.ora.com /internet/ftp/pub/examples/java/java2d/examples Highlights.class
99.04.09 14:45 B C:\A_win ftp\Examples\java2d\examples\Highlights.java --> amber.ora.com /internet/ftp/pub/examples/java/java2d/examples Highlights.java
99.04.09 14:45 B C:\A_win ftp\Examples\java2d\examples\HitMe$1.class --> amber.ora.com /internet/ftp/pub/examples/java/java2d/examples HitMe$1.class
99.04.09 14:45 B C:\A_win ftp\Examples\java2d\examples\HitMe.class --> amber.ora.com /internet/ftp/pub/examples/java/java2d/examples HitMe.class
99.04.09 14:45 B C:\A_win ftp\Examples\java2d\examples\HitMe.java --> amber.ora.com /internet/ftp/pub/examples/java/java2d/examples HitMe.java
99.04.09 14:45 B C:\A_win ftp\Examples\java2d\examples\HorizontallyCenteredText$1.class --> amber.ora.com /internet/ftp/pub/examples/java/java2d/examples HorizontallyCenteredText$1.class
99.04.09 14:45 B C:\A_win ftp\Examples\java2d\examples\HorizontallyCenteredText.class --> amber.ora.com /internet/ftp/pub/examples/java/java2d/examples HorizontallyCenteredText.class
99.04.09 14:45 B C:\A_win ftp\Examples\java2d\examples\HorizontallyCenteredText.java --> amber.ora.com /internet/ftp/pub/examples/java/java2d/examples HorizontallyCenteredText.java
99.04.09 14:45 B C:\A_win ftp\Examples\java2d\examples\ImageBouncer$1.class --> amber.ora.com /internet/ftp/pub/examples/java/java2d/examples ImageBouncer$1.class
99.04.09 14:45 B C:\A_win ftp\Examples\java2d\examples\ImageBouncer$2.class --> amber.ora.com /internet/ftp/pub/examples/java/java2d/examples ImageBouncer$2.class
99.04.09 14:45 B C:\A_win ftp\Examples\java2d\examples\ImageBouncer$3.class --> amber.ora.com /internet/ftp/pub/examples/java/java2d/examples ImageBouncer$3.class
99.04.09 14:45 B C:\A_win ftp\Examples\java2d\examples\ImageBouncer.class --> amber.ora.com /internet/ftp/pub/examples/java/java2d/examples ImageBouncer.class
99.04.09 14:45 B C:\A_win ftp\Examples\java2d\examples\ImageBouncer.java --> amber.ora.com /internet/ftp/pub/examples/java/java2d/examples ImageBouncer.java
99.04.09 14:45 B C:\A_win ftp\Examples\java2d\examples\ImageDuplicity.class --> amber.ora.com /internet/ftp/pub/examples/java/java2d/examples ImageDuplicity.class
99.04.09 14:45 B C:\A_win ftp\Examples\java2d\examples\ImageDuplicity.java --> amber.ora.com /internet/ftp/pub/examples/java/java2d/examples ImageDuplicity.java
99.04.09 14:45 B C:\A_win ftp\Examples\java2d\examples\IndexTest.class --> amber.ora.com /internet/ftp/pub/examples/java/java2d/examples IndexTest.class
99.04.09 14:45 B C:\A_win ftp\Examples\java2d\examples\IndexTest.java --> amber.ora.com /internet/ftp/pub/examples/java/java2d/examples IndexTest.java
99.04.09 14:45 B C:\A_win ftp\Examples\java2d\examples\InlineGraphics$1.class --> amber.ora.com /internet/ftp/pub/examples/java/java2d/examples InlineGraphics$1.class
99.04.09 14:45 B C:\A_win ftp\Examples\java2d\examples\InlineGraphics.class --> amber.ora.com /internet/ftp/pub/examples/java/java2d/examples InlineGraphics.class
99.04.09 14:45 B C:\A_win ftp\Examples\java2d\examples\InlineGraphics.java --> amber.ora.com /internet/ftp/pub/examples/java/java2d/examples InlineGraphics.java
99.04.09 14:45 B C:\A_win ftp\Examples\java2d\examples\IteratorTest$1.class --> amber.ora.com /internet/ftp/pub/examples/java/java2d/examples IteratorTest$1.class
99.04.09 14:45 B C:\A_win ftp\Examples\java2d\examples\IteratorTest.class --> amber.ora.com /internet/ftp/pub/examples/java/java2d/examples IteratorTest.class
99.04.09 14:45 B C:\A_win ftp\Examples\java2d\examples\IteratorTest.java --> amber.ora.com /internet/ftp/pub/examples/java/java2d/examples IteratorTest.java
99.04.09 14:45 B C:\A_win ftp\Examples\java2d\examples\IteratorUnderStrike$1.class --> amber.ora.com /internet/ftp/pub/examples/java/java2d/examples IteratorUnderStrike$1.class
99.04.09 14:45 B C:\A_win ftp\Examples\java2d\examples\IteratorUnderStrike.class --> amber.ora.com /internet/ftp/pub/examples/java/java2d/examples IteratorUnderStrike.class
99.04.09 14:45 B C:\A_win ftp\Examples\java2d\examples\IteratorUnderStrike.java --> amber.ora.com /internet/ftp/pub/examples/java/java2d/examples IteratorUnderStrike.java
99.04.09 14:45 B C:\A_win ftp\Examples\java2d\examples\knudsen.gif --> amber.ora.com /internet/ftp/pub/examples/java/java2d/examples knudsen.gif
99.04.09 14:45 B C:\A_win ftp\Examples\java2d\examples\LineMetricsIllustrated$1.class --> amber.ora.com /internet/ftp/pub/examples/java/java2d/examples LineMetricsIllustrated$1.class
99.04.09 14:45 B C:\A_win ftp\Examples\java2d\examples\LineMetricsIllustrated.class --> amber.ora.com /internet/ftp/pub/examples/java/java2d/examples LineMetricsIllustrated.class
99.04.09 14:45 B C:\A_win ftp\Examples\java2d\examples\LineMetricsIllustrated.java --> amber.ora.com /internet/ftp/pub/examples/java/java2d/examples LineMetricsIllustrated.java
99.04.09 14:45 B C:\A_win ftp\Examples\java2d\examples\ManiaPrintable.class --> amber.ora.com /internet/ftp/pub/examples/java/java2d/examples ManiaPrintable.class
99.04.09 14:45 B C:\A_win ftp\Examples\java2d\examples\MightyMorphingGlyphs$1.class --> amber.ora.com /internet/ftp/pub/examples/java/java2d/examples MightyMorphingGlyphs$1.class
99.04.09 14:45 B C:\A_win ftp\Examples\java2d\examples\MightyMorphingGlyphs.class --> amber.ora.com /internet/ftp/pub/examples/java/java2d/examples MightyMorphingGlyphs.class
99.04.09 14:45 B C:\A_win ftp\Examples\java2d\examples\MightyMorphingGlyphs.java --> amber.ora.com /internet/ftp/pub/examples/java/java2d/examples MightyMorphingGlyphs.java
99.04.09 14:45 B C:\A_win ftp\Examples\java2d\examples\OutlineImageableArea.class --> amber.ora.com /internet/ftp/pub/examples/java/java2d/examples OutlineImageableArea.class
99.04.09 14:45 B C:\A_win ftp\Examples\java2d\examples\OutlineImageableArea.java --> amber.ora.com /internet/ftp/pub/examples/java/java2d/examples OutlineImageableArea.java
99.04.09 14:45 B C:\A_win ftp\Examples\java2d\examples\OutlinePrintable.class --> amber.ora.com /internet/ftp/pub/examples/java/java2d/examples OutlinePrintable.class
99.04.09 14:45 B C:\A_win ftp\Examples\java2d\examples\Overlap.class --> amber.ora.com /internet/ftp/pub/examples/java/java2d/examples Overlap.class
99.04.09 14:45 B C:\A_win ftp\Examples\java2d\examples\Overlap.java --> amber.ora.com /internet/ftp/pub/examples/java/java2d/examples Overlap.java
99.04.09 14:45 B C:\A_win ftp\Examples\java2d\examples\PageFormatMania.class --> amber.ora.com /internet/ftp/pub/examples/java/java2d/examples PageFormatMania.class
99.04.09 14:45 B C:\A_win ftp\Examples\java2d\examples\PageFormatMania.java --> amber.ora.com /internet/ftp/pub/examples/java/java2d/examples PageFormatMania.java
99.04.09 14:45 B C:\A_win ftp\Examples\java2d\examples\PaintingAndStroking.class --> amber.ora.com /internet/ftp/pub/examples/java/java2d/examples PaintingAndStroking.class
99.04.09 14:45 B C:\A_win ftp\Examples\java2d\examples\PaintingAndStroking.java --> amber.ora.com /internet/ftp/pub/examples/java/java2d/examples PaintingAndStroking.java
99.04.09 14:45 B C:\A_win ftp\Examples\java2d\examples\ParagraphLayout$1.class --> amber.ora.com /internet/ftp/pub/examples/java/java2d/examples ParagraphLayout$1.class
99.04.09 14:45 B C:\A_win ftp\Examples\java2d\examples\ParagraphLayout.class --> amber.ora.com /internet/ftp/pub/examples/java/java2d/examples ParagraphLayout.class
99.04.09 14:45 B C:\A_win ftp\Examples\java2d\examples\ParagraphLayout.java --> amber.ora.com /internet/ftp/pub/examples/java/java2d/examples ParagraphLayout.java
99.04.09 14:45 B C:\A_win ftp\Examples\java2d\examples\PatchworkComponent.class --> amber.ora.com /internet/ftp/pub/examples/java/java2d/examples PatchworkComponent.class
99.04.09 14:45 B C:\A_win ftp\Examples\java2d\examples\PatchworkComponent.java --> amber.ora.com /internet/ftp/pub/examples/java/java2d/examples PatchworkComponent.java
99.04.09 14:45 B C:\A_win ftp\Examples\java2d\examples\PNGChunk.class --> amber.ora.com /internet/ftp/pub/examples/java/java2d/examples PNGChunk.class
99.04.09 14:45 B C:\A_win ftp\Examples\java2d\examples\PNGChunk.java --> amber.ora.com /internet/ftp/pub/examples/java/java2d/examples PNGChunk.java
99.04.09 14:45 B C:\A_win ftp\Examples\java2d\examples\PNGData.class --> amber.ora.com /internet/ftp/pub/examples/java/java2d/examples PNGData.class
99.04.09 14:45 B C:\A_win ftp\Examples\java2d\examples\PNGData.java --> amber.ora.com /internet/ftp/pub/examples/java/java2d/examples PNGData.java
99.04.09 14:45 B C:\A_win ftp\Examples\java2d\examples\PNGDecoder$1.class --> amber.ora.com /internet/ftp/pub/examples/java/java2d/examples PNGDecoder$1.class
99.04.09 14:45 B C:\A_win ftp\Examples\java2d\examples\PNGDecoder.class --> amber.ora.com /internet/ftp/pub/examples/java/java2d/examples PNGDecoder.class
99.04.09 14:45 B C:\A_win ftp\Examples\java2d\examples\PNGDecoder.java --> amber.ora.com /internet/ftp/pub/examples/java/java2d/examples PNGDecoder.java
99.04.09 14:45 B C:\A_win ftp\Examples\java2d\examples\Raphael.jpg --> amber.ora.com /internet/ftp/pub/examples/java/java2d/examples Raphael.jpg
99.04.09 14:45 B C:\A_win ftp\Examples\java2d\examples\RedTown$1.class --> amber.ora.com /internet/ftp/pub/examples/java/java2d/examples RedTown$1.class
99.04.09 14:45 B C:\A_win ftp\Examples\java2d\examples\RedTown$2.class --> amber.ora.com /internet/ftp/pub/examples/java/java2d/examples RedTown$2.class
99.04.09 14:45 B C:\A_win ftp\Examples\java2d\examples\RedTown.class --> amber.ora.com /internet/ftp/pub/examples/java/java2d/examples RedTown.class
99.04.09 14:45 B C:\A_win ftp\Examples\java2d\examples\RedTown.java --> amber.ora.com /internet/ftp/pub/examples/java/java2d/examples RedTown.java
99.04.09 14:45 B C:\A_win ftp\Examples\java2d\examples\RightSizer.class --> amber.ora.com /internet/ftp/pub/examples/java/java2d/examples RightSizer.class
99.04.09 14:45 B C:\A_win ftp\Examples\java2d\examples\RightSizer.java --> amber.ora.com /internet/ftp/pub/examples/java/java2d/examples RightSizer.java
99.04.09 14:45 B C:\A_win ftp\Examples\java2d\examples\roa2.jpg --> amber.ora.com /internet/ftp/pub/examples/java/java2d/examples roa2.jpg
99.04.09 14:45 B C:\A_win ftp\Examples\java2d\examples\RollingText$1.class --> amber.ora.com /internet/ftp/pub/examples/java/java2d/examples RollingText$1.class
99.04.09 14:45 B C:\A_win ftp\Examples\java2d\examples\RollingText.class --> amber.ora.com /internet/ftp/pub/examples/java/java2d/examples RollingText.class
99.04.09 14:45 B C:\A_win ftp\Examples\java2d\examples\RollingText.java --> amber.ora.com /internet/ftp/pub/examples/java/java2d/examples RollingText.java
99.04.09 14:45 B C:\A_win ftp\Examples\java2d\examples\RoundGradientContext.class --> amber.ora.com /internet/ftp/pub/examples/java/java2d/examples RoundGradientContext.class
99.04.09 14:45 B C:\A_win ftp\Examples\java2d\examples\RoundGradientContext.java --> amber.ora.com /internet/ftp/pub/examples/java/java2d/examples RoundGradientContext.java
99.04.09 14:45 B C:\A_win ftp\Examples\java2d\examples\RoundGradientPaint.class --> amber.ora.com /internet/ftp/pub/examples/java/java2d/examples RoundGradientPaint.class
99.04.09 14:45 B C:\A_win ftp\Examples\java2d\examples\RoundGradientPaint.java --> amber.ora.com /internet/ftp/pub/examples/java/java2d/examples RoundGradientPaint.java
99.04.09 14:45 B C:\A_win ftp\Examples\java2d\examples\RoundGradientPaintFill.class --> amber.ora.com /internet/ftp/pub/examples/java/java2d/examples RoundGradientPaintFill.class
99.04.09 14:45 B C:\A_win ftp\Examples\java2d\examples\RoundGradientPaintFill.java --> amber.ora.com /internet/ftp/pub/examples/java/java2d/examples RoundGradientPaintFill.java
99.04.09 14:45 B C:\A_win ftp\Examples\java2d\examples\Sampler$1.class --> amber.ora.com /internet/ftp/pub/examples/java/java2d/examples Sampler$1.class
99.04.09 14:45 B C:\A_win ftp\Examples\java2d\examples\Sampler$2.class --> amber.ora.com /internet/ftp/pub/examples/java/java2d/examples Sampler$2.class
99.04.09 14:45 B C:\A_win ftp\Examples\java2d\examples\Sampler$3.class --> amber.ora.com /internet/ftp/pub/examples/java/java2d/examples Sampler$3.class
99.04.09 14:45 B C:\A_win ftp\Examples\java2d\examples\Sampler.class --> amber.ora.com /internet/ftp/pub/examples/java/java2d/examples Sampler.class
99.04.09 14:45 B C:\A_win ftp\Examples\java2d\examples\Sampler.java --> amber.ora.com /internet/ftp/pub/examples/java/java2d/examples Sampler.java
99.04.09 14:45 B C:\A_win ftp\Examples\java2d\examples\ShowConfigurations.class --> amber.ora.com /internet/ftp/pub/examples/java/java2d/examples ShowConfigurations.class
99.04.09 14:45 B C:\A_win ftp\Examples\java2d\examples\ShowConfigurations.java --> amber.ora.com /internet/ftp/pub/examples/java/java2d/examples ShowConfigurations.java
99.04.09 14:45 B C:\A_win ftp\Examples\java2d\examples\ShowDevices.class --> amber.ora.com /internet/ftp/pub/examples/java/java2d/examples ShowDevices.class
99.04.09 14:45 B C:\A_win ftp\Examples\java2d\examples\ShowDevices.java --> amber.ora.com /internet/ftp/pub/examples/java/java2d/examples ShowDevices.java
99.04.09 14:45 B C:\A_win ftp\Examples\java2d\examples\ShowFonts.class --> amber.ora.com /internet/ftp/pub/examples/java/java2d/examples ShowFonts.class
99.04.09 14:45 B C:\A_win ftp\Examples\java2d\examples\ShowFonts.java --> amber.ora.com /internet/ftp/pub/examples/java/java2d/examples ShowFonts.java
99.04.09 14:45 B C:\A_win ftp\Examples\java2d\examples\ShowImage.class --> amber.ora.com /internet/ftp/pub/examples/java/java2d/examples ShowImage.class
99.04.09 14:45 B C:\A_win ftp\Examples\java2d\examples\ShowImage.java --> amber.ora.com /internet/ftp/pub/examples/java/java2d/examples ShowImage.java
99.04.09 14:45 B C:\A_win ftp\Examples\java2d\examples\ShowOff.class --> amber.ora.com /internet/ftp/pub/examples/java/java2d/examples ShowOff.class
99.04.09 14:45 B C:\A_win ftp\Examples\java2d\examples\ShowOff.java --> amber.ora.com /internet/ftp/pub/examples/java/java2d/examples ShowOff.java
99.04.09 14:45 B C:\A_win ftp\Examples\java2d\examples\SimpleText$1.class --> amber.ora.com /internet/ftp/pub/examples/java/java2d/examples SimpleText$1.class
99.04.09 14:45 B C:\A_win ftp\Examples\java2d\examples\SimpleText.class --> amber.ora.com /internet/ftp/pub/examples/java/java2d/examples SimpleText.class
99.04.09 14:45 B C:\A_win ftp\Examples\java2d\examples\SimpleText.java --> amber.ora.com /internet/ftp/pub/examples/java/java2d/examples SimpleText.java
99.04.09 14:45 B C:\A_win ftp\Examples\java2d\examples\SmoothMove.class --> amber.ora.com /internet/ftp/pub/examples/java/java2d/examples SmoothMove.class
99.04.09 14:45 B C:\A_win ftp\Examples\java2d\examples\SmoothMove.java --> amber.ora.com /internet/ftp/pub/examples/java/java2d/examples SmoothMove.java
99.04.09 14:45 B C:\A_win ftp\Examples\java2d\examples\SolidPaint.class --> amber.ora.com /internet/ftp/pub/examples/java/java2d/examples SolidPaint.class
99.04.09 14:45 B C:\A_win ftp\Examples\java2d\examples\SolidPaint.java --> amber.ora.com /internet/ftp/pub/examples/java/java2d/examples SolidPaint.java
99.04.09 14:45 B C:\A_win ftp\Examples\java2d\examples\SplitImageComponent$1.class --> amber.ora.com /internet/ftp/pub/examples/java/java2d/examples SplitImageComponent$1.class
99.04.09 14:45 B C:\A_win ftp\Examples\java2d\examples\SplitImageComponent$2.class --> amber.ora.com /internet/ftp/pub/examples/java/java2d/examples SplitImageComponent$2.class
99.04.09 14:45 B C:\A_win ftp\Examples\java2d\examples\SplitImageComponent.class --> amber.ora.com /internet/ftp/pub/examples/java/java2d/examples SplitImageComponent.class
99.04.09 14:45 B C:\A_win ftp\Examples\java2d\examples\SplitImageComponent.java --> amber.ora.com /internet/ftp/pub/examples/java/java2d/examples SplitImageComponent.java
99.04.09 14:45 B C:\A_win ftp\Examples\java2d\examples\StringArt$1.class --> amber.ora.com /internet/ftp/pub/examples/java/java2d/examples StringArt$1.class
99.04.09 14:45 B C:\A_win ftp\Examples\java2d\examples\StringArt.class --> amber.ora.com /internet/ftp/pub/examples/java/java2d/examples StringArt.class
99.04.09 14:45 B C:\A_win ftp\Examples\java2d\examples\StringArt.java --> amber.ora.com /internet/ftp/pub/examples/java/java2d/examples StringArt.java
99.04.09 14:45 B C:\A_win ftp\Examples\java2d\examples\SwingPrinter$1.class --> amber.ora.com /internet/ftp/pub/examples/java/java2d/examples SwingPrinter$1.class
99.04.09 14:45 B C:\A_win ftp\Examples\java2d\examples\SwingPrinter$FilePageSetupAction.class --> amber.ora.com /internet/ftp/pub/examples/java/java2d/examples SwingPrinter$FilePageSetupAction.class
99.04.09 14:45 B C:\A_win ftp\Examples\java2d\examples\SwingPrinter$FilePrintAction.class --> amber.ora.com /internet/ftp/pub/examples/java/java2d/examples SwingPrinter$FilePrintAction.class
99.04.09 14:45 B C:\A_win ftp\Examples\java2d\examples\SwingPrinter$FileQuitAction.class --> amber.ora.com /internet/ftp/pub/examples/java/java2d/examples SwingPrinter$FileQuitAction.class
99.04.09 14:45 B C:\A_win ftp\Examples\java2d\examples\SwingPrinter.class --> amber.ora.com /internet/ftp/pub/examples/java/java2d/examples SwingPrinter.class
99.04.09 14:45 B C:\A_win ftp\Examples\java2d\examples\SwingPrinter.java --> amber.ora.com /internet/ftp/pub/examples/java/java2d/examples SwingPrinter.java
99.04.09 14:45 B C:\A_win ftp\Examples\java2d\examples\TextBouncer$1.class --> amber.ora.com /internet/ftp/pub/examples/java/java2d/examples TextBouncer$1.class
99.04.09 14:45 B C:\A_win ftp\Examples\java2d\examples\TextBouncer$2.class --> amber.ora.com /internet/ftp/pub/examples/java/java2d/examples TextBouncer$2.class
99.04.09 14:45 B C:\A_win ftp\Examples\java2d\examples\TextBouncer$3.class --> amber.ora.com /internet/ftp/pub/examples/java/java2d/examples TextBouncer$3.class
99.04.09 14:45 B C:\A_win ftp\Examples\java2d\examples\TextBouncer.class --> amber.ora.com /internet/ftp/pub/examples/java/java2d/examples TextBouncer.class
99.04.09 14:45 B C:\A_win ftp\Examples\java2d\examples\TextBouncer.java --> amber.ora.com /internet/ftp/pub/examples/java/java2d/examples TextBouncer.java
99.04.09 14:45 B C:\A_win ftp\Examples\java2d\examples\TextLayoutOne$1.class --> amber.ora.com /internet/ftp/pub/examples/java/java2d/examples TextLayoutOne$1.class
99.04.09 14:45 B C:\A_win ftp\Examples\java2d\examples\TextLayoutOne.class --> amber.ora.com /internet/ftp/pub/examples/java/java2d/examples TextLayoutOne.class
99.04.09 14:45 B C:\A_win ftp\Examples\java2d\examples\TextLayoutOne.java --> amber.ora.com /internet/ftp/pub/examples/java/java2d/examples TextLayoutOne.java
99.04.09 14:45 B C:\A_win ftp\Examples\java2d\examples\TextLayoutWithCarets$1.class --> amber.ora.com /internet/ftp/pub/examples/java/java2d/examples TextLayoutWithCarets$1.class
99.04.09 14:45 B C:\A_win ftp\Examples\java2d\examples\TextLayoutWithCarets.class --> amber.ora.com /internet/ftp/pub/examples/java/java2d/examples TextLayoutWithCarets.class
99.04.09 14:45 B C:\A_win ftp\Examples\java2d\examples\TextLayoutWithCarets.java --> amber.ora.com /internet/ftp/pub/examples/java/java2d/examples TextLayoutWithCarets.java
99.04.09 14:45 B C:\A_win ftp\Examples\java2d\examples\TextRendering$1.class --> amber.ora.com /internet/ftp/pub/examples/java/java2d/examples TextRendering$1.class
99.04.09 14:45 B C:\A_win ftp\Examples\java2d\examples\TextRendering.class --> amber.ora.com /internet/ftp/pub/examples/java/java2d/examples TextRendering.class
99.04.09 14:45 B C:\A_win ftp\Examples\java2d\examples\TextRendering.java --> amber.ora.com /internet/ftp/pub/examples/java/java2d/examples TextRendering.java
99.04.09 14:45 B C:\A_win ftp\Examples\java2d\examples\TexturedText$1.class --> amber.ora.com /internet/ftp/pub/examples/java/java2d/examples TexturedText$1.class
99.04.09 14:45 B C:\A_win ftp\Examples\java2d\examples\TexturedText.class --> amber.ora.com /internet/ftp/pub/examples/java/java2d/examples TexturedText.class
99.04.09 14:45 B C:\A_win ftp\Examples\java2d\examples\TexturedText.java --> amber.ora.com /internet/ftp/pub/examples/java/java2d/examples TexturedText.java
99.04.09 14:45 B C:\A_win ftp\Examples\java2d\examples\TexturePaintFill.class --> amber.ora.com /internet/ftp/pub/examples/java/java2d/examples TexturePaintFill.class
99.04.09 14:45 B C:\A_win ftp\Examples\java2d\examples\TexturePaintFill.java --> amber.ora.com /internet/ftp/pub/examples/java/java2d/examples TexturePaintFill.java
99.04.09 14:45 B C:\A_win ftp\Examples\java2d\examples\ThresholdOp.class --> amber.ora.com /internet/ftp/pub/examples/java/java2d/examples ThresholdOp.class
99.04.09 14:45 B C:\A_win ftp\Examples\java2d\examples\ThresholdOp.java --> amber.ora.com /internet/ftp/pub/examples/java/java2d/examples ThresholdOp.java
99.04.09 14:45 B C:\A_win ftp\Examples\java2d\examples\Transformers.class --> amber.ora.com /internet/ftp/pub/examples/java/java2d/examples Transformers.class
99.04.09 14:45 B C:\A_win ftp\Examples\java2d\examples\Transformers.java --> amber.ora.com /internet/ftp/pub/examples/java/java2d/examples Transformers.java
99.04.09 14:45 B C:\A_win ftp\Examples\java2d\examples\TransformersRotation.class --> amber.ora.com /internet/ftp/pub/examples/java/java2d/examples TransformersRotation.class
99.04.09 14:45 B C:\A_win ftp\Examples\java2d\examples\TransformersRotation.java --> amber.ora.com /internet/ftp/pub/examples/java/java2d/examples TransformersRotation.java
99.04.09 14:45 B C:\A_win ftp\Examples\java2d\examples\TransformersRotranslate.class --> amber.ora.com /internet/ftp/pub/examples/java/java2d/examples TransformersRotranslate.class
99.04.09 14:45 B C:\A_win ftp\Examples\java2d\examples\TransformersRotranslate.java --> amber.ora.com /internet/ftp/pub/examples/java/java2d/examples TransformersRotranslate.java
99.04.09 14:45 B C:\A_win ftp\Examples\java2d\examples\TransformersScale.class --> amber.ora.com /internet/ftp/pub/examples/java/java2d/examples TransformersScale.class
99.04.09 14:45 B C:\A_win ftp\Examples\java2d\examples\TransformersScale.java --> amber.ora.com /internet/ftp/pub/examples/java/java2d/examples TransformersScale.java
99.04.09 14:45 B C:\A_win ftp\Examples\java2d\examples\TransformersShear.class --> amber.ora.com /internet/ftp/pub/examples/java/java2d/examples TransformersShear.class
99.04.09 14:45 B C:\A_win ftp\Examples\java2d\examples\TransformersShear.java --> amber.ora.com /internet/ftp/pub/examples/java/java2d/examples TransformersShear.java
99.04.09 14:45 B C:\A_win ftp\Examples\java2d\examples\TransformersTranslatedRotation.class --> amber.ora.com /internet/ftp/pub/examples/java/java2d/examples TransformersTranslatedRotation.class
99.04.09 14:45 B C:\A_win ftp\Examples\java2d\examples\TransformersTranslatedRotation.java --> amber.ora.com /internet/ftp/pub/examples/java/java2d/examples TransformersTranslatedRotation.java
99.04.09 14:45 B C:\A_win ftp\Examples\java2d\examples\TransformersTranslation.class --> amber.ora.com /internet/ftp/pub/examples/java/java2d/examples TransformersTranslation.class
99.04.09 14:45 B C:\A_win ftp\Examples\java2d\examples\TransformersTranslation.java --> amber.ora.com /internet/ftp/pub/examples/java/java2d/examples TransformersTranslation.java
99.04.09 14:45 B C:\A_win ftp\Examples\java2d\examples\TransformersTransrotate.class --> amber.ora.com /internet/ftp/pub/examples/java/java2d/examples TransformersTransrotate.class
99.04.09 14:45 B C:\A_win ftp\Examples\java2d\examples\TransformersTransrotate.java --> amber.ora.com /internet/ftp/pub/examples/java/java2d/examples TransformersTransrotate.java
99.04.09 14:45 B C:\A_win ftp\Examples\java2d\examples\TransparentText$1.class --> amber.ora.com /internet/ftp/pub/examples/java/java2d/examples TransparentText$1.class
99.04.09 14:45 B C:\A_win ftp\Examples\java2d\examples\TransparentText.class --> amber.ora.com /internet/ftp/pub/examples/java/java2d/examples TransparentText.class
99.04.09 14:45 B C:\A_win ftp\Examples\java2d\examples\TransparentText.java --> amber.ora.com /internet/ftp/pub/examples/java/java2d/examples TransparentText.java
99.04.09 14:45 B C:\A_win ftp\Examples\java2d\examples\Utilities$1.class --> amber.ora.com /internet/ftp/pub/examples/java/java2d/examples Utilities$1.class
99.04.09 14:45 B C:\A_win ftp\Examples\java2d\examples\Utilities$2.class --> amber.ora.com /internet/ftp/pub/examples/java/java2d/examples Utilities$2.class
99.04.09 14:45 B C:\A_win ftp\Examples\java2d\examples\Utilities$3.class --> amber.ora.com /internet/ftp/pub/examples/java/java2d/examples Utilities$3.class
99.04.09 14:45 B C:\A_win ftp\Examples\java2d\examples\Utilities.class --> amber.ora.com /internet/ftp/pub/examples/java/java2d/examples Utilities.class
99.04.09 14:45 B C:\A_win ftp\Examples\java2d\examples\Utilities.java --> amber.ora.com /internet/ftp/pub/examples/java/java2d/examples Utilities.java
99.04.09 14:45 B C:\A_win ftp\Examples\java2d\examples\Venus of Urbino.jpg --> amber.ora.com /internet/ftp/pub/examples/java/java2d/examples Venus of Urbino.jpg
99.04.09 14:45 B C:\A_win ftp\Examples\java2d\examples\VictorVector$1.class --> amber.ora.com /internet/ftp/pub/examples/java/java2d/examples VictorVector$1.class
99.04.09 14:45 B C:\A_win ftp\Examples\java2d\examples\VictorVector.class --> amber.ora.com /internet/ftp/pub/examples/java/java2d/examples VictorVector.class
99.04.09 14:45 B C:\A_win ftp\Examples\java2d\examples\VictorVector.java --> amber.ora.com /internet/ftp/pub/examples/java/java2d/examples VictorVector.java
